<?xml version="1.0" encoding="UTF-8"?>
<!-- Generated by org.testng.reporters.JUnitReportReporter -->
<testsuite hostname="My-PC" name="testpacksge.testclass3" tests="2" failures="0" timestamp="17 Oct 2020 07:10:32 GMT" time="32.923" errors="0">
  <testcase name="homepage" time="6.971" classname="testpacksge.testclass3"/>
  <testcase name="verifyTheParameter" time="25.952" classname="testpacksge.testclass3"/>
</testsuite> <!-- testpacksge.testclass3 -->
