<?xml version="1.0" encoding="UTF-8"?>
<!-- Generated by org.testng.reporters.JUnitReportReporter -->
<testsuite hostname="My-PC" name="testpacksge.testclass" tests="1" failures="0" timestamp="28 Aug 2020 15:51:29 GMT" time="219.948" errors="0">
  <testcase name="verifyproduct" time="219.948" classname="testpacksge.testclass"/>
</testsuite> <!-- testpacksge.testclass -->
